  [1m[35m (160.3ms)[0m  [1m[35mCREATE DATABASE `app_development` DEFAULT CHARACTER SET `utf8mb4`[0m
  [1m[35m (268.0ms)[0m  [1m[35mCREATE DATABASE `app_test` DEFAULT CHARACTER SET `utf8mb4`[0m
  [1m[35m (1543.1ms)[0m  [1m[35mCREATE TABLE `schema_migrations` (`version` varchar(255) NOT NULL PRIMARY KEY)[0m
  [1m[35m (911.4ms)[0m  [1m[35mCREATE TABLE `ar_internal_metadata` (`key` varchar(255) NOT NULL PRIMARY KEY, `value` varchar(255), `created_at` datetime(6) NOT NULL, `updated_at` datetime(6) NOT NULL)[0m
  [1m[35m (1.7ms)[0m  [1m[34mSELECT GET_LOCK('5277929974492897470', 0)[0m
  [1m[35m (15.1ms)[0m  [1m[34mSELECT `schema_migrations`.`version` FROM `schema_migrations` ORDER BY `schema_migrations`.`version` ASC[0m
Migrating to CreateRestaurants (20210810223311)
  [1m[35m (1128.2ms)[0m  [1m[35mCREATE TABLE `restaurants` (`id` bigint NOT NULL AUTO_INCREMENT PRIMARY KEY, `name` varchar(255) NOT NULL, `fee` int DEFAULT 0 NOT NULL, `time_required` int NOT NULL, `created_at` datetime(6) NOT NULL, `updated_at` datetime(6) NOT NULL)[0m
  [1m[36mTRANSACTION (1.1ms)[0m  [1m[35mBEGIN[0m
  [1m[36mActiveRecord::SchemaMigration Create (1.6ms)[0m  [1m[32mINSERT INTO `schema_migrations` (`version`) VALUES ('20210810223311')[0m
  [1m[36mTRANSACTION (127.0ms)[0m  [1m[35mCOMMIT[0m
Migrating to CreateFoods (20210810223354)
  [1m[35m (1294.4ms)[0m  [1m[35mCREATE TABLE `foods` (`id` bigint NOT NULL AUTO_INCREMENT PRIMARY KEY, `restaurant_id` bigint NOT NULL, `name` varchar(255) NOT NULL, `price` int NOT NULL, `description` text NOT NULL, `created_at` datetime(6) NOT NULL, `updated_at` datetime(6) NOT NULL, INDEX `index_foods_on_restaurant_id` (`restaurant_id`), CONSTRAINT `fk_rails_eae1e5c8ad`
FOREIGN KEY (`restaurant_id`)
  REFERENCES `restaurants` (`id`)
)[0m
  [1m[36mTRANSACTION (1.3ms)[0m  [1m[35mBEGIN[0m
  [1m[36mActiveRecord::SchemaMigration Create (8.3ms)[0m  [1m[32mINSERT INTO `schema_migrations` (`version`) VALUES ('20210810223354')[0m
  [1m[36mTRANSACTION (160.2ms)[0m  [1m[35mCOMMIT[0m
Migrating to CreateLineFoods (20210810223448)
  [1m[35m (6.4ms)[0m  [1m[35mCREATE TABLE `line_foods` (`id` bigint NOT NULL AUTO_INCREMENT PRIMARY KEY, `food_id` bigint NOT NULL, `restaurant_id` bigint NOT NULL, `order_id` bigint, `count` int DEFAULT 0 NOT NULL, `active` tinyint(1) DEFAULT FALSE NOT NULL, `created_at` datetime(6) NOT NULL, `updated_at` datetime(6) NOT NULL, INDEX `index_line_foods_on_food_id` (`food_id`), INDEX `index_line_foods_on_restaurant_id` (`restaurant_id`), INDEX `index_line_foods_on_order_id` (`order_id`), CONSTRAINT `fk_rails_51ed53b961`
FOREIGN KEY (`food_id`)
  REFERENCES `foods` (`id`)
, CONSTRAINT `fk_rails_1e43acf94b`
FOREIGN KEY (`restaurant_id`)
  REFERENCES `restaurants` (`id`)
, CONSTRAINT `fk_rails_1facd9ad30`
FOREIGN KEY (`order_id`)
  REFERENCES `orders` (`id`)
)[0m
  [1m[35m (2.8ms)[0m  [1m[34mSELECT RELEASE_LOCK('5277929974492897470')[0m
  [1m[35m (3.3ms)[0m  [1m[34mSELECT `schema_migrations`.`version` FROM `schema_migrations` ORDER BY `schema_migrations`.`version` ASC[0m
  [1m[35m (0.6ms)[0m  [1m[34mSELECT GET_LOCK('5277929974492897470', 0)[0m
  [1m[35m (1.0ms)[0m  [1m[34mSELECT `schema_migrations`.`version` FROM `schema_migrations` ORDER BY `schema_migrations`.`version` ASC[0m
Migrating to CreateOrders (20210810223516)
  [1m[35m (1136.8ms)[0m  [1m[35mCREATE TABLE `orders` (`id` bigint NOT NULL AUTO_INCREMENT PRIMARY KEY, `total_price` int DEFAULT 0 NOT NULL, `created_at` datetime(6) NOT NULL, `updated_at` datetime(6) NOT NULL)[0m
  [1m[36mTRANSACTION (0.6ms)[0m  [1m[35mBEGIN[0m
  [1m[36mActiveRecord::SchemaMigration Create (3.2ms)[0m  [1m[32mINSERT INTO `schema_migrations` (`version`) VALUES ('20210810223516')[0m
  [1m[36mTRANSACTION (372.0ms)[0m  [1m[35mCOMMIT[0m
  [1m[36mActiveRecord::InternalMetadata Load (1.4ms)[0m  [1m[34mSELECT `ar_internal_metadata`.* FROM `ar_internal_metadata` WHERE `ar_internal_metadata`.`key` = 'environment' LIMIT 1[0m
  [1m[36mTRANSACTION (0.5ms)[0m  [1m[35mBEGIN[0m
  [1m[36mActiveRecord::InternalMetadata Create (1.0ms)[0m  [1m[32mINSERT INTO `ar_internal_metadata` (`key`, `value`, `created_at`, `updated_at`) VALUES ('environment', 'development', '2021-08-10 22:57:08.578124', '2021-08-10 22:57:08.578124')[0m
  [1m[36mTRANSACTION (275.4ms)[0m  [1m[35mCOMMIT[0m
  [1m[35m (1.2ms)[0m  [1m[34mSELECT RELEASE_LOCK('5277929974492897470')[0m
  [1m[35m (1.7ms)[0m  [1m[34mSELECT `schema_migrations`.`version` FROM `schema_migrations` ORDER BY `schema_migrations`.`version` ASC[0m
  [1m[35m (1.0ms)[0m  [1m[34mSELECT `schema_migrations`.`version` FROM `schema_migrations` ORDER BY `schema_migrations`.`version` ASC[0m
  [1m[35m (0.6ms)[0m  [1m[34mSELECT GET_LOCK('5277929974492897470', 0)[0m
  [1m[35m (6.0ms)[0m  [1m[34mSELECT `schema_migrations`.`version` FROM `schema_migrations` ORDER BY `schema_migrations`.`version` ASC[0m
Migrating to CreateLineFoods (20210810223448)
  [1m[35m (2315.8ms)[0m  [1m[35mCREATE TABLE `line_foods` (`id` bigint NOT NULL AUTO_INCREMENT PRIMARY KEY, `food_id` bigint NOT NULL, `restaurant_id` bigint NOT NULL, `order_id` bigint, `count` int DEFAULT 0 NOT NULL, `active` tinyint(1) DEFAULT FALSE NOT NULL, `created_at` datetime(6) NOT NULL, `updated_at` datetime(6) NOT NULL, INDEX `index_line_foods_on_food_id` (`food_id`), INDEX `index_line_foods_on_restaurant_id` (`restaurant_id`), INDEX `index_line_foods_on_order_id` (`order_id`), CONSTRAINT `fk_rails_51ed53b961`
FOREIGN KEY (`food_id`)
  REFERENCES `foods` (`id`)
, CONSTRAINT `fk_rails_1e43acf94b`
FOREIGN KEY (`restaurant_id`)
  REFERENCES `restaurants` (`id`)
, CONSTRAINT `fk_rails_1facd9ad30`
FOREIGN KEY (`order_id`)
  REFERENCES `orders` (`id`)
)[0m
  [1m[36mTRANSACTION (0.5ms)[0m  [1m[35mBEGIN[0m
  [1m[36mActiveRecord::SchemaMigration Create (2.1ms)[0m  [1m[32mINSERT INTO `schema_migrations` (`version`) VALUES ('20210810223448')[0m
  [1m[36mTRANSACTION (242.7ms)[0m  [1m[35mCOMMIT[0m
  [1m[36mActiveRecord::InternalMetadata Load (2.6ms)[0m  [1m[34mSELECT `ar_internal_metadata`.* FROM `ar_internal_metadata` WHERE `ar_internal_metadata`.`key` = 'environment' LIMIT 1[0m
  [1m[35m (11.0ms)[0m  [1m[34mSELECT RELEASE_LOCK('5277929974492897470')[0m
  [1m[35m (1.0ms)[0m  [1m[34mSELECT `schema_migrations`.`version` FROM `schema_migrations` ORDER BY `schema_migrations`.`version` ASC[0m
Started GET "/" for 172.18.0.1 at 2021-08-11 00:38:12 +0000
  [1m[35m (1.1ms)[0m  [1m[34mSELECT `schema_migrations`.`version` FROM `schema_migrations` ORDER BY `schema_migrations`.`version` ASC[0m
Processing by Rails::WelcomeController#index as HTML
  Rendering /usr/local/bundle/gems/railties-6.1.4/lib/rails/templates/rails/welcome/index.html.erb
  Rendered /usr/local/bundle/gems/railties-6.1.4/lib/rails/templates/rails/welcome/index.html.erb (Duration: 114.6ms | Allocations: 402)
Completed 200 OK in 513ms (Views: 231.6ms | ActiveRecord: 0.0ms | Allocations: 3400)


Started GET "/favicon.ico" for 172.18.0.1 at 2021-08-11 00:38:15 +0000
  
ActionController::RoutingError (No route matches [GET] "/favicon.ico"):
  
Started GET "/rails/routes/info" for 172.18.0.1 at 2021-08-11 00:41:59 +0000
  
ActionController::RoutingError (No route matches [GET] "/rails/routes/info"):
  
Started GET "/rails/info/routes" for 172.18.0.1 at 2021-08-11 00:42:14 +0000
Processing by Rails::InfoController#routes as HTML
  Rendering layout /usr/local/bundle/gems/railties-6.1.4/lib/rails/templates/layouts/application.html.erb
  Rendering /usr/local/bundle/gems/railties-6.1.4/lib/rails/templates/rails/info/routes.html.erb within layouts/application
  Rendered collection of /usr/local/bundle/gems/actionpack-6.1.4/lib/action_dispatch/middleware/templates/routes/_route.html.erb [35 times] (Duration: 20.3ms | Allocations: 3965)
  Rendered /usr/local/bundle/gems/actionpack-6.1.4/lib/action_dispatch/middleware/templates/routes/_table.html.erb (Duration: 1.6ms | Allocations: 668)
  Rendered /usr/local/bundle/gems/railties-6.1.4/lib/rails/templates/rails/info/routes.html.erb within layouts/application (Duration: 31.1ms | Allocations: 7505)
  Rendered layout /usr/local/bundle/gems/railties-6.1.4/lib/rails/templates/layouts/application.html.erb (Duration: 36.9ms | Allocations: 7726)
Completed 200 OK in 44ms (Views: 40.7ms | ActiveRecord: 0.0ms | Allocations: 8765)


  [1m[35m (1.8ms)[0m  [1m[34mSELECT `schema_migrations`.`version` FROM `schema_migrations` ORDER BY `schema_migrations`.`version` ASC[0m
  [1m[35m (1.2ms)[0m  [1m[34mSELECT `schema_migrations`.`version` FROM `schema_migrations` ORDER BY `schema_migrations`.`version` ASC[0m
  [1m[36mTRANSACTION (0.9ms)[0m  [1m[35mBEGIN[0m
  [1m[36mRestaurant Create (12.5ms)[0m  [1m[32mINSERT INTO `restaurants` (`name`, `fee`, `time_required`, `created_at`, `updated_at`) VALUES ('testãƒ¬ã‚¹ãƒˆãƒ©ãƒ³_0', 100, 10, '2021-08-11 04:30:14.440408', '2021-08-11 04:30:14.440408')[0m
  [1m[36mFood Create (4.1ms)[0m  [1m[32mINSERT INTO `foods` (`restaurant_id`, `name`, `price`, `description`, `created_at`, `updated_at`) VALUES (1, 'ãƒ•ãƒ¼ãƒ‰å_0', 500, 'ãƒ•ãƒ¼ãƒ‰_0ã®èª¬æ˜Žæ–‡ã§ã™ã€‚', '2021-08-11 04:30:14.471217', '2021-08-11 04:30:14.471217')[0m
  [1m[36mFood Create (0.9ms)[0m  [1m[32mINSERT INTO `foods` (`restaurant_id`, `name`, `price`, `description`, `created_at`, `updated_at`) VALUES (1, 'ãƒ•ãƒ¼ãƒ‰å_1', 500, 'ãƒ•ãƒ¼ãƒ‰_1ã®èª¬æ˜Žæ–‡ã§ã™ã€‚', '2021-08-11 04:30:14.478748', '2021-08-11 04:30:14.478748')[0m
  [1m[36mFood Create (1.7ms)[0m  [1m[32mINSERT INTO `foods` (`restaurant_id`, `name`, `price`, `description`, `created_at`, `updated_at`) VALUES (1, 'ãƒ•ãƒ¼ãƒ‰å_2', 500, 'ãƒ•ãƒ¼ãƒ‰_2ã®èª¬æ˜Žæ–‡ã§ã™ã€‚', '2021-08-11 04:30:14.482911', '2021-08-11 04:30:14.482911')[0m
  [1m[36mFood Create (0.7ms)[0m  [1m[32mINSERT INTO `foods` (`restaurant_id`, `name`, `price`, `description`, `created_at`, `updated_at`) VALUES (1, 'ãƒ•ãƒ¼ãƒ‰å_3', 500, 'ãƒ•ãƒ¼ãƒ‰_3ã®èª¬æ˜Žæ–‡ã§ã™ã€‚', '2021-08-11 04:30:14.487956', '2021-08-11 04:30:14.487956')[0m
  [1m[36mFood Create (0.8ms)[0m  [1m[32mINSERT INTO `foods` (`restaurant_id`, `name`, `price`, `description`, `created_at`, `updated_at`) VALUES (1, 'ãƒ•ãƒ¼ãƒ‰å_4', 500, 'ãƒ•ãƒ¼ãƒ‰_4ã®èª¬æ˜Žæ–‡ã§ã™ã€‚', '2021-08-11 04:30:14.491964', '2021-08-11 04:30:14.491964')[0m
  [1m[36mFood Create (1.4ms)[0m  [1m[32mINSERT INTO `foods` (`restaurant_id`, `name`, `price`, `description`, `created_at`, `updated_at`) VALUES (1, 'ãƒ•ãƒ¼ãƒ‰å_5', 500, 'ãƒ•ãƒ¼ãƒ‰_5ã®èª¬æ˜Žæ–‡ã§ã™ã€‚', '2021-08-11 04:30:14.496454', '2021-08-11 04:30:14.496454')[0m
  [1m[36mFood Create (0.7ms)[0m  [1m[32mINSERT INTO `foods` (`restaurant_id`, `name`, `price`, `description`, `created_at`, `updated_at`) VALUES (1, 'ãƒ•ãƒ¼ãƒ‰å_6', 500, 'ãƒ•ãƒ¼ãƒ‰_6ã®èª¬æ˜Žæ–‡ã§ã™ã€‚', '2021-08-11 04:30:14.501073', '2021-08-11 04:30:14.501073')[0m
  [1m[36mFood Create (0.9ms)[0m  [1m[32mINSERT INTO `foods` (`restaurant_id`, `name`, `price`, `description`, `created_at`, `updated_at`) VALUES (1, 'ãƒ•ãƒ¼ãƒ‰å_7', 500, 'ãƒ•ãƒ¼ãƒ‰_7ã®èª¬æ˜Žæ–‡ã§ã™ã€‚', '2021-08-11 04:30:14.505059', '2021-08-11 04:30:14.505059')[0m
  [1m[36mFood Create (0.7ms)[0m  [1m[32mINSERT INTO `foods` (`restaurant_id`, `name`, `price`, `description`, `created_at`, `updated_at`) VALUES (1, 'ãƒ•ãƒ¼ãƒ‰å_8', 500, 'ãƒ•ãƒ¼ãƒ‰_8ã®èª¬æ˜Žæ–‡ã§ã™ã€‚', '2021-08-11 04:30:14.509071', '2021-08-11 04:30:14.509071')[0m
  [1m[36mFood Create (0.7ms)[0m  [1m[32mINSERT INTO `foods` (`restaurant_id`, `name`, `price`, `description`, `created_at`, `updated_at`) VALUES (1, 'ãƒ•ãƒ¼ãƒ‰å_9', 500, 'ãƒ•ãƒ¼ãƒ‰_9ã®èª¬æ˜Žæ–‡ã§ã™ã€‚', '2021-08-11 04:30:14.512983', '2021-08-11 04:30:14.512983')[0m
  [1m[36mFood Create (0.8ms)[0m  [1m[32mINSERT INTO `foods` (`restaurant_id`, `name`, `price`, `description`, `created_at`, `updated_at`) VALUES (1, 'ãƒ•ãƒ¼ãƒ‰å_10', 500, 'ãƒ•ãƒ¼ãƒ‰_10ã®èª¬æ˜Žæ–‡ã§ã™ã€‚', '2021-08-11 04:30:14.516707', '2021-08-11 04:30:14.516707')[0m
  [1m[36mFood Create (0.8ms)[0m  [1m[32mINSERT INTO `foods` (`restaurant_id`, `name`, `price`, `description`, `created_at`, `updated_at`) VALUES (1, 'ãƒ•ãƒ¼ãƒ‰å_11', 500, 'ãƒ•ãƒ¼ãƒ‰_11ã®èª¬æ˜Žæ–‡ã§ã™ã€‚', '2021-08-11 04:30:14.520908', '2021-08-11 04:30:14.520908')[0m
  [1m[36mTRANSACTION (132.8ms)[0m  [1m[35mCOMMIT[0m
  [1m[36mTRANSACTION (0.9ms)[0m  [1m[35mBEGIN[0m
  [1m[36mRestaurant Create (1.4ms)[0m  [1m[32mINSERT INTO `restaurants` (`name`, `fee`, `time_required`, `created_at`, `updated_at`) VALUES ('testãƒ¬ã‚¹ãƒˆãƒ©ãƒ³_1', 100, 10, '2021-08-11 04:30:14.671196', '2021-08-11 04:30:14.671196')[0m
  [1m[36mFood Create (1.0ms)[0m  [1m[32mINSERT INTO `foods` (`restaurant_id`, `name`, `price`, `description`, `created_at`, `updated_at`) VALUES (2, 'ãƒ•ãƒ¼ãƒ‰å_0', 500, 'ãƒ•ãƒ¼ãƒ‰_0ã®èª¬æ˜Žæ–‡ã§ã™ã€‚', '2021-08-11 04:30:14.680930', '2021-08-11 04:30:14.680930')[0m
  [1m[36mFood Create (0.9ms)[0m  [1m[32mINSERT INTO `foods` (`restaurant_id`, `name`, `price`, `description`, `created_at`, `updated_at`) VALUES (2, 'ãƒ•ãƒ¼ãƒ‰å_1', 500, 'ãƒ•ãƒ¼ãƒ‰_1ã®èª¬æ˜Žæ–‡ã§ã™ã€‚', '2021-08-11 04:30:14.685913', '2021-08-11 04:30:14.685913')[0m
  [1m[36mFood Create (1.0ms)[0m  [1m[32mINSERT INTO `foods` (`restaurant_id`, `name`, `price`, `description`, `created_at`, `updated_at`) VALUES (2, 'ãƒ•ãƒ¼ãƒ‰å_2', 500, 'ãƒ•ãƒ¼ãƒ‰_2ã®èª¬æ˜Žæ–‡ã§ã™ã€‚', '2021-08-11 04:30:14.690389', '2021-08-11 04:30:14.690389')[0m
  [1m[36mFood Create (1.2ms)[0m  [1m[32mINSERT INTO `foods` (`restaurant_id`, `name`, `price`, `description`, `created_at`, `updated_at`) VALUES (2, 'ãƒ•ãƒ¼ãƒ‰å_3', 500, 'ãƒ•ãƒ¼ãƒ‰_3ã®èª¬æ˜Žæ–‡ã§ã™ã€‚', '2021-08-11 04:30:14.695082', '2021-08-11 04:30:14.695082')[0m
  [1m[36mFood Create (1.0ms)[0m  [1m[32mINSERT INTO `foods` (`restaurant_id`, `name`, `price`, `description`, `created_at`, `updated_at`) VALUES (2, 'ãƒ•ãƒ¼ãƒ‰å_4', 500, 'ãƒ•ãƒ¼ãƒ‰_4ã®èª¬æ˜Žæ–‡ã§ã™ã€‚', '2021-08-11 04:30:14.703712', '2021-08-11 04:30:14.703712')[0m
  [1m[36mFood Create (1.1ms)[0m  [1m[32mINSERT INTO `foods` (`restaurant_id`, `name`, `price`, `description`, `created_at`, `updated_at`) VALUES (2, 'ãƒ•ãƒ¼ãƒ‰å_5', 500, 'ãƒ•ãƒ¼ãƒ‰_5ã®èª¬æ˜Žæ–‡ã§ã™ã€‚', '2021-08-11 04:30:14.708215', '2021-08-11 04:30:14.708215')[0m
  [1m[36mFood Create (0.8ms)[0m  [1m[32mINSERT INTO `foods` (`restaurant_id`, `name`, `price`, `description`, `created_at`, `updated_at`) VALUES (2, 'ãƒ•ãƒ¼ãƒ‰å_6', 500, 'ãƒ•ãƒ¼ãƒ‰_6ã®èª¬æ˜Žæ–‡ã§ã™ã€‚', '2021-08-11 04:30:14.713379', '2021-08-11 04:30:14.713379')[0m
  [1m[36mFood Create (0.9ms)[0m  [1m[32mINSERT INTO `foods` (`restaurant_id`, `name`, `price`, `description`, `created_at`, `updated_at`) VALUES (2, 'ãƒ•ãƒ¼ãƒ‰å_7', 500, 'ãƒ•ãƒ¼ãƒ‰_7ã®èª¬æ˜Žæ–‡ã§ã™ã€‚', '2021-08-11 04:30:14.725166', '2021-08-11 04:30:14.725166')[0m
  [1m[36mFood Create (1.5ms)[0m  [1m[32mINSERT INTO `foods` (`restaurant_id`, `name`, `price`, `description`, `created_at`, `updated_at`) VALUES (2, 'ãƒ•ãƒ¼ãƒ‰å_8', 500, 'ãƒ•ãƒ¼ãƒ‰_8ã®èª¬æ˜Žæ–‡ã§ã™ã€‚', '2021-08-11 04:30:14.733873', '2021-08-11 04:30:14.733873')[0m
  [1m[36mFood Create (0.8ms)[0m  [1m[32mINSERT INTO `foods` (`restaurant_id`, `name`, `price`, `description`, `created_at`, `updated_at`) VALUES (2, 'ãƒ•ãƒ¼ãƒ‰å_9', 500, 'ãƒ•ãƒ¼ãƒ‰_9ã®èª¬æ˜Žæ–‡ã§ã™ã€‚', '2021-08-11 04:30:14.742473', '2021-08-11 04:30:14.742473')[0m
  [1m[36mFood Create (0.8ms)[0m  [1m[32mINSERT INTO `foods` (`restaurant_id`, `name`, `price`, `description`, `created_at`, `updated_at`) VALUES (2, 'ãƒ•ãƒ¼ãƒ‰å_10', 500, 'ãƒ•ãƒ¼ãƒ‰_10ã®èª¬æ˜Žæ–‡ã§ã™ã€‚', '2021-08-11 04:30:14.747010', '2021-08-11 04:30:14.747010')[0m
  [1m[36mFood Create (1.2ms)[0m  [1m[32mINSERT INTO `foods` (`restaurant_id`, `name`, `price`, `description`, `created_at`, `updated_at`) VALUES (2, 'ãƒ•ãƒ¼ãƒ‰å_11', 500, 'ãƒ•ãƒ¼ãƒ‰_11ã®èª¬æ˜Žæ–‡ã§ã™ã€‚', '2021-08-11 04:30:14.751965', '2021-08-11 04:30:14.751965')[0m
  [1m[36mTRANSACTION (124.3ms)[0m  [1m[35mCOMMIT[0m
  [1m[36mTRANSACTION (0.6ms)[0m  [1m[35mBEGIN[0m
  [1m[36mRestaurant Create (1.0ms)[0m  [1m[32mINSERT INTO `restaurants` (`name`, `fee`, `time_required`, `created_at`, `updated_at`) VALUES ('testãƒ¬ã‚¹ãƒˆãƒ©ãƒ³_2', 100, 10, '2021-08-11 04:30:14.890759', '2021-08-11 04:30:14.890759')[0m
  [1m[36mFood Create (256.5ms)[0m  [1m[32mINSERT INTO `foods` (`restaurant_id`, `name`, `price`, `description`, `created_at`, `updated_at`) VALUES (3, 'ãƒ•ãƒ¼ãƒ‰å_0', 500, 'ãƒ•ãƒ¼ãƒ‰_0ã®èª¬æ˜Žæ–‡ã§ã™ã€‚', '2021-08-11 04:30:14.915265', '2021-08-11 04:30:14.915265')[0m
  [1m[36mFood Create (1.7ms)[0m  [1m[32mINSERT INTO `foods` (`restaurant_id`, `name`, `price`, `description`, `created_at`, `updated_at`) VALUES (3, 'ãƒ•ãƒ¼ãƒ‰å_1', 500, 'ãƒ•ãƒ¼ãƒ‰_1ã®èª¬æ˜Žæ–‡ã§ã™ã€‚', '2021-08-11 04:30:15.178280', '2021-08-11 04:30:15.178280')[0m
  [1m[36mFood Create (1.5ms)[0m  [1m[32mINSERT INTO `foods` (`restaurant_id`, `name`, `price`, `description`, `created_at`, `updated_at`) VALUES (3, 'ãƒ•ãƒ¼ãƒ‰å_2', 500, 'ãƒ•ãƒ¼ãƒ‰_2ã®èª¬æ˜Žæ–‡ã§ã™ã€‚', '2021-08-11 04:30:15.187068', '2021-08-11 04:30:15.187068')[0m
  [1m[36mFood Create (2.0ms)[0m  [1m[32mINSERT INTO `foods` (`restaurant_id`, `name`, `price`, `description`, `created_at`, `updated_at`) VALUES (3, 'ãƒ•ãƒ¼ãƒ‰å_3', 500, 'ãƒ•ãƒ¼ãƒ‰_3ã®èª¬æ˜Žæ–‡ã§ã™ã€‚', '2021-08-11 04:30:15.195230', '2021-08-11 04:30:15.195230')[0m
  [1m[36mFood Create (2.1ms)[0m  [1m[32mINSERT INTO `foods` (`restaurant_id`, `name`, `price`, `description`, `created_at`, `updated_at`) VALUES (3, 'ãƒ•ãƒ¼ãƒ‰å_4', 500, 'ãƒ•ãƒ¼ãƒ‰_4ã®èª¬æ˜Žæ–‡ã§ã™ã€‚', '2021-08-11 04:30:15.205828', '2021-08-11 04:30:15.205828')[0m
  [1m[36mFood Create (1.1ms)[0m  [1m[32mINSERT INTO `foods` (`restaurant_id`, `name`, `price`, `description`, `created_at`, `updated_at`) VALUES (3, 'ãƒ•ãƒ¼ãƒ‰å_5', 500, 'ãƒ•ãƒ¼ãƒ‰_5ã®èª¬æ˜Žæ–‡ã§ã™ã€‚', '2021-08-11 04:30:15.213654', '2021-08-11 04:30:15.213654')[0m
  [1m[36mFood Create (0.9ms)[0m  [1m[32mINSERT INTO `foods` (`restaurant_id`, `name`, `price`, `description`, `created_at`, `updated_at`) VALUES (3, 'ãƒ•ãƒ¼ãƒ‰å_6', 500, 'ãƒ•ãƒ¼ãƒ‰_6ã®èª¬æ˜Žæ–‡ã§ã™ã€‚', '2021-08-11 04:30:15.218815', '2021-08-11 04:30:15.218815')[0m
  [1m[36mFood Create (0.7ms)[0m  [1m[32mINSERT INTO `foods` (`restaurant_id`, `name`, `price`, `description`, `created_at`, `updated_at`) VALUES (3, 'ãƒ•ãƒ¼ãƒ‰å_7', 500, 'ãƒ•ãƒ¼ãƒ‰_7ã®èª¬æ˜Žæ–‡ã§ã™ã€‚', '2021-08-11 04:30:15.223030', '2021-08-11 04:30:15.223030')[0m
  [1m[36mFood Create (1.0ms)[0m  [1m[32mINSERT INTO `foods` (`restaurant_id`, `name`, `price`, `description`, `created_at`, `updated_at`) VALUES (3, 'ãƒ•ãƒ¼ãƒ‰å_8', 500, 'ãƒ•ãƒ¼ãƒ‰_8ã®èª¬æ˜Žæ–‡ã§ã™ã€‚', '2021-08-11 04:30:15.227166', '2021-08-11 04:30:15.227166')[0m
  [1m[36mFood Create (0.9ms)[0m  [1m[32mINSERT INTO `foods` (`restaurant_id`, `name`, `price`, `description`, `created_at`, `updated_at`) VALUES (3, 'ãƒ•ãƒ¼ãƒ‰å_9', 500, 'ãƒ•ãƒ¼ãƒ‰_9ã®èª¬æ˜Žæ–‡ã§ã™ã€‚', '2021-08-11 04:30:15.231839', '2021-08-11 04:30:15.231839')[0m
  [1m[36mFood Create (1.1ms)[0m  [1m[32mINSERT INTO `foods` (`restaurant_id`, `name`, `price`, `description`, `created_at`, `updated_at`) VALUES (3, 'ãƒ•ãƒ¼ãƒ‰å_10', 500, 'ãƒ•ãƒ¼ãƒ‰_10ã®èª¬æ˜Žæ–‡ã§ã™ã€‚', '2021-08-11 04:30:15.236633', '2021-08-11 04:30:15.236633')[0m
  [1m[36mFood Create (0.8ms)[0m  [1m[32mINSERT INTO `foods` (`restaurant_id`, `name`, `price`, `description`, `created_at`, `updated_at`) VALUES (3, 'ãƒ•ãƒ¼ãƒ‰å_11', 500, 'ãƒ•ãƒ¼ãƒ‰_11ã®èª¬æ˜Žæ–‡ã§ã™ã€‚', '2021-08-11 04:30:15.241923', '2021-08-11 04:30:15.241923')[0m
  [1m[36mTRANSACTION (201.6ms)[0m  [1m[35mCOMMIT[0m
  [1m[36mRestaurant Load (1.7ms)[0m  [1m[34mSELECT `restaurants`.* FROM `restaurants` /* loading for inspect */ LIMIT 11[0m
  [1m[35m (46.4ms)[0m  [1m[34mSELECT COUNT(*) FROM `restaurants`[0m
  [1m[35m (1.2ms)[0m  [1m[34mSELECT COUNT(*) FROM `foods`[0m
  [1m[36mRestaurant Load (0.9ms)[0m  [1m[34mSELECT `restaurants`.* FROM `restaurants` ORDER BY `restaurants`.`id` ASC LIMIT 1[0m
  [1m[35m (1.7ms)[0m  [1m[34mSELECT COUNT(*) FROM `foods` WHERE `foods`.`restaurant_id` = 1[0m
Started GET "/" for 172.18.0.1 at 2021-08-11 04:48:06 +0000
Processing by Rails::WelcomeController#index as HTML
  Rendering /usr/local/bundle/gems/railties-6.1.4/lib/rails/templates/rails/welcome/index.html.erb
  Rendered /usr/local/bundle/gems/railties-6.1.4/lib/rails/templates/rails/welcome/index.html.erb (Duration: 18.4ms | Allocations: 178)
Completed 200 OK in 50ms (Views: 38.7ms | Allocations: 717)


Started GET "/api/v1/restaurants" for 172.18.0.1 at 2021-08-11 04:48:38 +0000
  
SyntaxError (/app/app/controllers/api/v1/restaurants_controller.rb:1: class/module name must be CONSTANT
module api
       ^~~
/app/app/controllers/api/v1/restaurants_controller.rb:2: class/module name must be CONSTANT
  module v1
         ^~
):
  
app/controllers/api/v1/restaurants_controller.rb:1: class/module name must be CONSTANT
app/controllers/api/v1/restaurants_controller.rb:2: class/module name must be CONSTANT
app/controllers/api/v1/restaurants_controller.rb:1: class/module name must be CONSTANT
app/controllers/api/v1/restaurants_controller.rb:2: class/module name must be CONSTANT
Started GET "/api/v1/restaurants" for 172.18.0.1 at 2021-08-11 04:49:15 +0000
Processing by Api::V1::RestaurantsController#index as HTML
  [1m[36mRestaurant Load (1.4ms)[0m  [1m[34mSELECT `restaurants`.* FROM `restaurants`[0m
  â†³ app/controllers/api/v1/restaurants_controller.rb:6:in `index'
Completed 200 OK in 156ms (Views: 76.9ms | ActiveRecord: 14.0ms | Allocations: 6873)


Started GET "/api/v1/restaurants" for 172.18.0.1 at 2021-08-11 04:51:28 +0000
Processing by Api::V1::RestaurantsController#index as HTML
  [1m[36mRestaurant Load (1.2ms)[0m  [1m[34mSELECT `restaurants`.* FROM `restaurants`[0m
  â†³ app/controllers/api/v1/restaurants_controller.rb:6:in `index'
Completed 200 OK in 13ms (Views: 10.6ms | ActiveRecord: 1.2ms | Allocations: 908)


Started GET "/api/v1/restaurants/1/foods" for 172.18.0.1 at 2021-08-11 04:59:26 +0000
  
ActionController::RoutingError (uninitialized constant Api::V1::FoodsController):
  
Started GET "/api/v1/restaurants/1/foods" for 172.18.0.1 at 2021-08-11 05:01:55 +0000
  
ActionController::RoutingError (uninitialized constant Api::V1::FoodsController):
  
Started GET "/api/v1/restaurants/1/foods" for 172.18.0.1 at 2021-08-11 05:02:15 +0000
  
ActionController::RoutingError (uninitialized constant Api::V1::FoodsController):
  
Started GET "/api/v1/restaurants/1/foods" for 172.18.0.1 at 2021-08-11 05:05:53 +0000
  
ActionController::RoutingError (uninitialized constant Api::V1::FoodsController):
  
Started GET "/api/v1/restaurants/1/foods" for 172.18.0.1 at 2021-08-11 05:05:54 +0000
  
ActionController::RoutingError (uninitialized constant Api::V1::FoodsController):
  
Started GET "/api/v1/restaurants/" for 172.18.0.1 at 2021-08-11 05:10:59 +0000
Processing by Api::V1::RestaurantsController#index as HTML
  [1m[36mRestaurant Load (2.1ms)[0m  [1m[34mSELECT `restaurants`.* FROM `restaurants`[0m
  â†³ app/controllers/api/v1/restaurants_controller.rb:6:in `index'
Completed 200 OK in 34ms (Views: 33.1ms | ActiveRecord: 3.6ms | Allocations: 1002)


Started GET "/api/v1/restaurants/1/foods" for 172.18.0.1 at 2021-08-11 05:11:24 +0000
  
ActionController::RoutingError (uninitialized constant Api::V1::FoodsController):
  
Started GET "/api/v1/restaurants/1/foods" for 172.18.0.1 at 2021-08-11 05:11:57 +0000
  
ActionController::RoutingError (uninitialized constant Api::V1::FoodsController):
  
Started GET "/api/v1/restaurants/1/foods" for 172.18.0.1 at 2021-08-11 05:12:00 +0000
  
ActionController::RoutingError (uninitialized constant Api::V1::FoodsController):
  
Started GET "/api/v1/restaurants/1/foods" for 172.18.0.1 at 2021-08-11 05:12:02 +0000
  
ActionController::RoutingError (uninitialized constant Api::V1::FoodsController):
  
Started GET "/api/v1/restaurants/1/foods" for 172.18.0.1 at 2021-08-11 05:12:55 +0000
  
ActionController::RoutingError (uninitialized constant Api::V1::FoodsController):
  
Started GET "/api/v1/restaurants/1/foods" for 172.18.0.1 at 2021-08-11 05:12:57 +0000
  
ActionController::RoutingError (uninitialized constant Api::V1::FoodsController):
  
Started GET "/api/v1/restaurants/1/foods" for 172.18.0.1 at 2021-08-11 05:13:55 +0000
  
ActionController::RoutingError (uninitialized constant Api::V1::FoodsController):
  
Started GET "/api/v1/restaurants/1/foods" for 172.18.0.1 at 2021-08-11 05:14:32 +0000
  
ActionController::RoutingError (uninitialized constant Api::V1::FoodsController):
  
Started GET "/api/v1/restaurants/1/foods" for 172.18.0.1 at 2021-08-11 05:14:34 +0000
  
ActionController::RoutingError (uninitialized constant Api::V1::FoodsController):
  
Started GET "/api/v1/restaurants/1/foods" for 172.19.0.1 at 2021-08-11 05:21:41 +0000
  [1m[35m (10.9ms)[0m  [1m[34mSELECT `schema_migrations`.`version` FROM `schema_migrations` ORDER BY `schema_migrations`.`version` ASC[0m
Processing by Api::V1::FoodsController#index as HTML
  Parameters: {"restaurant_id"=>"1"}
  [1m[36mRestaurant Load (6.0ms)[0m  [1m[34mSELECT `restaurants`.* FROM `restaurants` WHERE `restaurants`.`id` = 1 LIMIT 1[0m
  â†³ app/controllers/api/v1/foods_controller.rb:5:in `index'
  [1m[36mFood Load (1.7ms)[0m  [1m[34mSELECT `foods`.* FROM `foods` WHERE `foods`.`restaurant_id` = 1[0m
  â†³ app/controllers/api/v1/foods_controller.rb:8:in `index'
Completed 200 OK in 1115ms (Views: 198.9ms | ActiveRecord: 21.8ms | Allocations: 20013)


